<?xml version="1.0" encoding="UTF-8"?>
<testng-results skipped="0" failed="0" total="0" passed="0">
  <reporter-output>
  </reporter-output>
  <suite name="com.quidco.project.shoop.login.ShoopLoginTest" duration-ms="5" started-at="2016-08-22T00:15:46Z" finished-at="2016-08-22T00:15:46Z">
    <groups>
    </groups>
    <test name="Command line test" duration-ms="5" started-at="2016-08-22T00:15:46Z" finished-at="2016-08-22T00:15:46Z">
    </test> <!-- Command line test -->
  </suite> <!-- com.quidco.project.shoop.login.ShoopLoginTest -->
</testng-results>
